0 info it worked if it ends with ok
1 verbose cli [ '/usr/local/bin/node',
1 verbose cli   '/usr/local/bin/npm',
1 verbose cli   'install',
1 verbose cli   '-g',
1 verbose cli   'webdriver-manager' ]
2 info using npm@2.14.4
3 info using node@v4.1.2
4 verbose install initial load of /usr/local/lib/package.json
5 verbose readDependencies loading dependencies from /usr/local/lib/package.json
6 silly cache add args [ 'webdriver-manager', null ]
7 verbose cache add spec webdriver-manager
8 silly cache add parsed spec Result {
8 silly cache add   raw: 'webdriver-manager',
8 silly cache add   scope: null,
8 silly cache add   name: 'webdriver-manager',
8 silly cache add   rawSpec: '',
8 silly cache add   spec: '*',
8 silly cache add   type: 'range' }
9 silly addNamed webdriver-manager@*
10 verbose addNamed "*" is a valid semver range for webdriver-manager
11 silly addNameRange { name: 'webdriver-manager', range: '*', hasData: false }
12 silly mapToRegistry name webdriver-manager
13 silly mapToRegistry using default registry
14 silly mapToRegistry registry https://registry.npmjs.org/
15 silly mapToRegistry uri https://registry.npmjs.org/webdriver-manager
16 verbose addNameRange registry:https://registry.npmjs.org/webdriver-manager not in flight; fetching
17 verbose request uri https://registry.npmjs.org/webdriver-manager
18 verbose request no auth needed
19 info attempt registry request try #1 at 3:12:02 PM
20 verbose request id d908bcfb28acc3c7
21 http request GET https://registry.npmjs.org/webdriver-manager
22 http 200 https://registry.npmjs.org/webdriver-manager
23 silly get cb [ 200,
23 silly get   { server: 'CouchDB/1.5.0 (Erlang OTP/R16B03)',
23 silly get     etag: '"B20XLT14L35LTQUI7PBY00P8I"',
23 silly get     'content-type': 'application/json',
23 silly get     'cache-control': 'max-age=60',
23 silly get     'content-length': '23454',
23 silly get     'accept-ranges': 'bytes',
23 silly get     date: 'Thu, 12 Nov 2015 23:12:00 GMT',
23 silly get     via: '1.1 varnish',
23 silly get     age: '0',
23 silly get     connection: 'keep-alive',
23 silly get     'x-served-by': 'cache-sjc3123-SJC',
23 silly get     'x-cache': 'HIT',
23 silly get     'x-cache-hits': '1',
23 silly get     'x-timer': 'S1447369920.471876,VS0,VE42',
23 silly get     vary: 'Accept' } ]
24 verbose get saving webdriver-manager to /Users/marktchao/.npm/registry.npmjs.org/webdriver-manager/.cache.json
25 silly addNameRange number 2 { name: 'webdriver-manager', range: '*', hasData: true }
26 silly addNameRange versions [ 'webdriver-manager',
26 silly addNameRange   [ '0.0.1',
26 silly addNameRange     '0.0.2',
26 silly addNameRange     '0.0.3',
26 silly addNameRange     '0.0.4',
26 silly addNameRange     '0.0.5',
26 silly addNameRange     '0.0.6',
26 silly addNameRange     '0.0.7',
26 silly addNameRange     '0.0.8',
26 silly addNameRange     '1.0.0',
26 silly addNameRange     '1.0.1',
26 silly addNameRange     '2.0.0',
26 silly addNameRange     '3.0.0',
26 silly addNameRange     '4.0.0',
26 silly addNameRange     '5.0.0',
26 silly addNameRange     '5.1.0',
26 silly addNameRange     '5.2.0',
26 silly addNameRange     '6.0.0',
26 silly addNameRange     '6.0.2',
26 silly addNameRange     '7.0.0',
26 silly addNameRange     '7.0.1' ] ]
27 silly addNamed webdriver-manager@7.0.1
28 verbose addNamed "7.0.1" is a plain semver version for webdriver-manager
29 silly mapToRegistry name webdriver-manager
30 silly mapToRegistry using default registry
31 silly mapToRegistry registry https://registry.npmjs.org/
32 silly mapToRegistry uri https://registry.npmjs.org/webdriver-manager
33 verbose addRemoteTarball https://registry.npmjs.org/webdriver-manager/-/webdriver-manager-7.0.1.tgz not in flight; adding
34 verbose addRemoteTarball [ 'https://registry.npmjs.org/webdriver-manager/-/webdriver-manager-7.0.1.tgz',
34 verbose addRemoteTarball   '41bbbd54fe509a9494bec05ed06fd68dfc316e93' ]
35 info retry fetch attempt 1 at 3:12:02 PM
36 info attempt registry request try #1 at 3:12:02 PM
37 http fetch GET https://registry.npmjs.org/webdriver-manager/-/webdriver-manager-7.0.1.tgz
38 http fetch 200 https://registry.npmjs.org/webdriver-manager/-/webdriver-manager-7.0.1.tgz
39 silly fetchAndShaCheck shasum 41bbbd54fe509a9494bec05ed06fd68dfc316e93
40 verbose addTmpTarball /var/folders/rb/b2lml9d13d93mcbv04sfyf1w0000gn/T/npm-85758-8b72cd51/registry.npmjs.org/webdriver-manager/-/webdriver-manager-7.0.1.tgz not in flight; adding
41 verbose addTmpTarball already have metadata; skipping unpack for webdriver-manager@7.0.1
42 silly cache afterAdd webdriver-manager@7.0.1
43 verbose afterAdd /Users/marktchao/.npm/webdriver-manager/7.0.1/package/package.json not in flight; writing
44 verbose afterAdd /Users/marktchao/.npm/webdriver-manager/7.0.1/package/package.json written
45 silly install resolved [ { name: 'webdriver-manager',
45 silly install resolved     version: '7.0.1',
45 silly install resolved     description: 'Protactor\'s webdriver-manager as a standalone Node.js module.',
45 silly install resolved     dependencies:
45 silly install resolved      { 'adm-zip': '^0.4.4',
45 silly install resolved        async: '^0.9.0',
45 silly install resolved        optimist: '^0.6.1',
45 silly install resolved        request: '^2.36.0',
45 silly install resolved        'tar.gz': '^0.1.1' },
45 silly install resolved     repository:
45 silly install resolved      { type: 'git',
45 silly install resolved        url: 'git@github.com:pose/webdriver-manager.git' },
45 silly install resolved     license: 'MIT',
45 silly install resolved     main: './lib/index.js',
45 silly install resolved     bin: { 'webdriver-manager': 'bin/webdriver-manager' },
45 silly install resolved     gitHead: 'eb2acd2a79e267770950fa1586ecabcfd00794c0',
45 silly install resolved     bugs: { url: 'https://github.com/pose/webdriver-manager/issues' },
45 silly install resolved     homepage: 'https://github.com/pose/webdriver-manager',
45 silly install resolved     _id: 'webdriver-manager@7.0.1',
45 silly install resolved     scripts: {},
45 silly install resolved     _shasum: '41bbbd54fe509a9494bec05ed06fd68dfc316e93',
45 silly install resolved     _from: 'webdriver-manager@*',
45 silly install resolved     _npmVersion: '2.4.1',
45 silly install resolved     _nodeVersion: '0.10.26',
45 silly install resolved     _npmUser: { name: 'pose', email: 'albertopose@gmail.com' },
45 silly install resolved     maintainers: [ [Object] ],
45 silly install resolved     dist:
45 silly install resolved      { shasum: '41bbbd54fe509a9494bec05ed06fd68dfc316e93',
45 silly install resolved        tarball: 'http://registry.npmjs.org/webdriver-manager/-/webdriver-manager-7.0.1.tgz' },
45 silly install resolved     directories: {},
45 silly install resolved     _resolved: 'https://registry.npmjs.org/webdriver-manager/-/webdriver-manager-7.0.1.tgz' } ]
46 info install webdriver-manager@7.0.1 into /usr/local/lib
47 info installOne webdriver-manager@7.0.1
48 verbose installOne of webdriver-manager to /usr/local/lib not in flight; installing
49 verbose lock using /Users/marktchao/.npm/_locks/webdriver-manager-3d1e9cb462423fe0.lock for /usr/local/lib/node_modules/webdriver-manager
50 silly install write writing webdriver-manager 7.0.1 to /usr/local/lib/node_modules/webdriver-manager
51 verbose unbuild lib/node_modules/webdriver-manager
52 silly gentlyRm /usr/local/lib/node_modules/webdriver-manager is being purged from base /usr/local
53 verbose gentlyRm don't care about contents; nuking /usr/local/lib/node_modules/webdriver-manager
54 verbose tar unpack /Users/marktchao/.npm/webdriver-manager/7.0.1/package.tgz
55 verbose tar unpacking to /usr/local/lib/node_modules/webdriver-manager
56 silly gentlyRm /usr/local/lib/node_modules/webdriver-manager is being purged
57 verbose gentlyRm don't care about contents; nuking /usr/local/lib/node_modules/webdriver-manager
58 silly gunzTarPerm modes [ '755', '644' ]
59 error tar.unpack untar error /Users/marktchao/.npm/webdriver-manager/7.0.1/package.tgz
60 verbose unlock done using /Users/marktchao/.npm/_locks/webdriver-manager-3d1e9cb462423fe0.lock for /usr/local/lib/node_modules/webdriver-manager
61 verbose fstream_path /usr/local/lib/node_modules/webdriver-manager
62 verbose fstream_type Directory
63 verbose fstream_class DirWriter
64 verbose stack Error: EACCES: permission denied, mkdir '/usr/local/lib/node_modules/webdriver-manager'
64 verbose stack     at Error (native)
65 verbose fstream_stack /usr/local/lib/node_modules/npm/node_modules/fstream/lib/dir-writer.js:35:25
65 verbose fstream_stack /usr/local/lib/node_modules/npm/node_modules/mkdirp/index.js:47:53
65 verbose fstream_stack FSReqWrap.oncomplete (fs.js:82:15)
66 verbose cwd /Users/marktchao/Desktop/School/Senior Year/Autumn Quarter/INFO 343/info343-class-code/protractor
67 error Darwin 15.0.0
68 error argv "/usr/local/bin/node" "/usr/local/bin/npm" "install" "-g" "webdriver-manager"
69 error node v4.1.2
70 error npm  v2.14.4
71 error path /usr/local/lib/node_modules/webdriver-manager
72 error code EACCES
73 error errno -13
74 error syscall mkdir
75 error Error: EACCES: permission denied, mkdir '/usr/local/lib/node_modules/webdriver-manager'
75 error     at Error (native)
75 error  { [Error: EACCES: permission denied, mkdir '/usr/local/lib/node_modules/webdriver-manager']
75 error   errno: -13,
75 error   code: 'EACCES',
75 error   syscall: 'mkdir',
75 error   path: '/usr/local/lib/node_modules/webdriver-manager',
75 error   fstream_type: 'Directory',
75 error   fstream_path: '/usr/local/lib/node_modules/webdriver-manager',
75 error   fstream_class: 'DirWriter',
75 error   fstream_stack:
75 error    [ '/usr/local/lib/node_modules/npm/node_modules/fstream/lib/dir-writer.js:35:25',
75 error      '/usr/local/lib/node_modules/npm/node_modules/mkdirp/index.js:47:53',
75 error      'FSReqWrap.oncomplete (fs.js:82:15)' ] }
76 error Please try running this command again as root/Administrator.
77 verbose exit [ -13, true ]
78 verbose unbuild lib/node_modules/webdriver-manager
79 silly gentlyRm /usr/local/lib/node_modules/webdriver-manager is being purged from base /usr/local
80 verbose gentlyRm don't care about contents; nuking /usr/local/lib/node_modules/webdriver-manager
